2026-04-01 12:49:01 info: GET /notifications
2026-04-01 12:49:40 info: GET /
2026-04-01 12:49:40 info: GET /favicon.ico
2026-04-01 07:28:06 info: GET /
2026-04-01 07:28:06 info: GET /favicon.ico
2026-04-01 07:28:45 info: GET /classes
2026-04-01 08:12:43 info: GET /classes
2026-04-01 08:12:49 info: GET /classes
2026-04-01 08:12:52 info: GET /
2026-04-01 08:13:02 info: GET /careers
2026-04-01 08:13:08 info: GET /classes
2026-04-01 09:34:48 info: GET /favicon.ico
2026-04-01 10:03:05 info: GET /health
2026-04-01 10:04:34 info: GET /health
2026-04-01 10:04:35 info: GET /health
2026-04-01 10:04:56 info: GET /health
2026-04-01 10:04:58 info: GET /health
2026-04-01 10:04:58 info: GET /health
2026-04-01 10:06:15 info: GET /health
2026-04-01 10:08:40 info: GET /health
